# JRE version: OpenJDK Runtime Environment Microsoft-10800295 (17.0.14+7) (build 17.0.14+7-LTS)
# Java VM: OpenJDK 64-Bit Server VM Microsoft-10800295 (17.0.14+7-LTS, mixed mode, sharing, tiered, compressed oops, compressed class ptrs, g1 gc, windows-amd64)
GC Precious Log:
 CPUs: 8 total, 8 available
 Memory: 7979M
 Large Page Support: Disabled
 NUMA Support: Disabled
 Compressed Oops: Enabled (32-bit)
 Heap Region Size: 1M
 Heap Min Capacity: 8M
 Heap Initial Capacity: 126M
 Heap Max Capacity: 2G
 Pre-touch: Disabled
 Parallel Workers: 8
 Concurrent Workers: 2
 Concurrent Refinement Workers: 8
 Periodic GC: Disabled
Heap:
 garbage-first heap   total 176128K, used 68091K [0x0000000080000000, 0x0000000100000000)
  region size 1024K, 11 young (11264K), 9 survivors (9216K)
 Metaspace       used 67298K, committed 68096K, reserved 491520K
  class space    used 9551K, committed 9984K, reserved 425984K
GC Heap History (20 events):
Event: 8.261 GC heap before
{Heap before GC invocations=15 (full 0):
 garbage-first heap   total 89088K, used 71391K [0x0000000080000000, 0x0000000100000000)
  region size 1024K, 35 young (35840K), 4 survivors (4096K)
 Metaspace       used 53013K, committed 53632K, reserved 491520K
  class space    used 7461K, committed 7744K, reserved 425984K
}
Event: 8.268 GC heap after
{Heap after GC invocations=16 (full 0):
 garbage-first heap   total 89088K, used 44791K [0x0000000080000000, 0x0000000100000000)
  region size 1024K, 5 young (5120K), 5 survivors (5120K)
 Metaspace       used 53013K, committed 53632K, reserved 491520K
  class space    used 7461K, committed 7744K, reserved 425984K
}
Event: 8.343 GC heap before
{Heap before GC invocations=16 (full 0):
 garbage-first heap   total 89088K, used 49911K [0x0000000080000000, 0x0000000100000000)
  region size 1024K, 11 young (11264K), 5 survivors (5120K)
 Metaspace       used 53490K, committed 54080K, reserved 491520K
  class space    used 7519K, committed 7808K, reserved 425984K
}
Event: 8.347 GC heap after
{Heap after GC invocations=17 (full 0):
 garbage-first heap   total 107520K, used 45768K [0x0000000080000000, 0x0000000100000000)
  region size 1024K, 1 young (1024K), 1 survivors (1024K)
 Metaspace       used 53490K, committed 54080K, reserved 491520K
  class space    used 7519K, committed 7808K, reserved 425984K
}
Event: 8.361 GC heap before
{Heap before GC invocations=17 (full 0):
 garbage-first heap   total 107520K, used 47816K [0x0000000080000000, 0x0000000100000000)
  region size 1024K, 2 young (2048K), 1 survivors (1024K)
 Metaspace       used 53490K, committed 54080K, reserved 491520K
  class space    used 7519K, committed 7808K, reserved 425984K
}
Event: 8.362 GC heap after
{Heap after GC invocations=18 (full 0):
 garbage-first heap   total 107520K, used 47768K [0x0000000080000000, 0x0000000100000000)
  region size 1024K, 1 young (1024K), 1 survivors (1024K)
 Metaspace       used 53490K, committed 54080K, reserved 491520K
  class space    used 7519K, committed 7808K, reserved 425984K
}
Event: 8.422 GC heap before
{Heap before GC invocations=18 (full 0):
 garbage-first heap   total 107520K, used 52888K [0x0000000080000000, 0x0000000100000000)
  region size 1024K, 4 young (4096K), 1 survivors (1024K)
 Metaspace       used 53579K, committed 54144K, reserved 491520K
  class space    used 7535K, committed 7808K, reserved 425984K
}
Event: 8.423 GC heap after
{Heap after GC invocations=19 (full 0):
 garbage-first heap   total 107520K, used 51644K [0x0000000080000000, 0x0000000100000000)
  region size 1024K, 2 young (2048K), 2 survivors (2048K)
 Metaspace       used 53579K, committed 54144K, reserved 491520K
  class space    used 7535K, committed 7808K, reserved 425984K
}
Event: 8.771 GC heap before
{Heap before GC invocations=20 (full 0):
 garbage-first heap   total 107520K, used 76220K [0x0000000080000000, 0x0000000100000000)
  region size 1024K, 24 young (24576K), 2 survivors (2048K)
 Metaspace       used 55937K, committed 56640K, reserved 491520K
  class space    used 7848K, committed 8192K, reserved 425984K
}
Event: 8.773 GC heap after
{Heap after GC invocations=21 (full 0):
 garbage-first heap   total 107520K, used 54844K [0x0000000080000000, 0x0000000100000000)
  region size 1024K, 3 young (3072K), 3 survivors (3072K)
 Metaspace       used 55937K, committed 56640K, reserved 491520K
  class space    used 7848K, committed 8192K, reserved 425984K
}
Event: 8.801 GC heap before
{Heap before GC invocations=21 (full 0):
 garbage-first heap   total 107520K, used 56892K [0x0000000080000000, 0x0000000100000000)
  region size 1024K, 5 young (5120K), 3 survivors (3072K)
 Metaspace       used 56078K, committed 56768K, reserved 491520K
  class space    used 7877K, committed 8192K, reserved 425984K
}
Event: 8.803 GC heap after
{Heap after GC invocations=22 (full 0):
 garbage-first heap   total 107520K, used 54405K [0x0000000080000000, 0x0000000100000000)
  region size 1024K, 1 young (1024K), 1 survivors (1024K)
 Metaspace       used 56078K, committed 56768K, reserved 491520K
  class space    used 7877K, committed 8192K, reserved 425984K
}
Event: 9.063 GC heap before
{Heap before GC invocations=22 (full 0):
 garbage-first heap   total 107520K, used 76933K [0x0000000080000000, 0x0000000100000000)
  region size 1024K, 23 young (23552K), 1 survivors (1024K)
 Metaspace       used 57664K, committed 58368K, reserved 491520K
  class space    used 8113K, committed 8448K, reserved 425984K
}
Event: 9.065 GC heap after
{Heap after GC invocations=23 (full 0):
 garbage-first heap   total 107520K, used 55268K [0x0000000080000000, 0x0000000100000000)
  region size 1024K, 2 young (2048K), 2 survivors (2048K)
 Metaspace       used 57664K, committed 58368K, reserved 491520K
  class space    used 8113K, committed 8448K, reserved 425984K
}
Event: 9.274 GC heap before
{Heap before GC invocations=24 (full 0):
 garbage-first heap   total 107520K, used 78820K [0x0000000080000000, 0x0000000100000000)
  region size 1024K, 25 young (25600K), 2 survivors (2048K)
 Metaspace       used 59255K, committed 59904K, reserved 491520K
  class space    used 8348K, committed 8640K, reserved 425984K
}
Event: 9.277 GC heap after
{Heap after GC invocations=25 (full 0):
 garbage-first heap   total 107520K, used 55798K [0x0000000080000000, 0x0000000100000000)
  region size 1024K, 2 young (2048K), 2 survivors (2048K)
 Metaspace       used 59255K, committed 59904K, reserved 491520K
  class space    used 8348K, committed 8640K, reserved 425984K
}
Event: 9.319 GC heap before
{Heap before GC invocations=25 (full 0):
 garbage-first heap   total 107520K, used 58870K [0x0000000080000000, 0x0000000100000000)
  region size 1024K, 5 young (5120K), 2 survivors (2048K)
 Metaspace       used 59687K, committed 60352K, reserved 491520K
  class space    used 8416K, committed 8704K, reserved 425984K
}
Event: 9.322 GC heap after
{Heap after GC invocations=26 (full 0):
 garbage-first heap   total 176128K, used 55612K [0x0000000080000000, 0x0000000100000000)
  region size 1024K, 1 young (1024K), 1 survivors (1024K)
 Metaspace       used 59687K, committed 60352K, reserved 491520K
  class space    used 8416K, committed 8704K, reserved 425984K
}
Event: 10.086 GC heap before
{Heap before GC invocations=26 (full 0):
 garbage-first heap   total 176128K, used 125244K [0x0000000080000000, 0x0000000100000000)
  region size 1024K, 66 young (67584K), 1 survivors (1024K)
 Metaspace       used 63602K, committed 64256K, reserved 491520K
  class space    used 9048K, committed 9344K, reserved 425984K
}
Event: 10.090 GC heap after
{Heap after GC invocations=27 (full 0):
 garbage-first heap   total 176128K, used 62383K [0x0000000080000000, 0x0000000100000000)
  region size 1024K, 4 young (4096K), 4 survivors (4096K)
 Metaspace       used 63602K, committed 64256K, reserved 491520K
  class space    used 9048K, committed 9344K, reserved 425984K
}

