# JRE version: OpenJDK Runtime Environment Microsoft-10800295 (17.0.14+7) (build 17.0.14+7-LTS)
# Java VM: OpenJDK 64-Bit Server VM Microsoft-10800295 (17.0.14+7-LTS, mixed mode, sharing, tiered, compressed oops, compressed class ptrs, g1 gc, windows-amd64)
GC Precious Log:
 CPUs: 8 total, 8 available
 Memory: 7979M
 Large Page Support: Disabled
 NUMA Support: Disabled
 Compressed Oops: Enabled (32-bit)
 Heap Region Size: 1M
 Heap Min Capacity: 8M
 Heap Initial Capacity: 126M
 Heap Max Capacity: 2G
 Pre-touch: Disabled
 Parallel Workers: 8
 Concurrent Workers: 2
 Concurrent Refinement Workers: 8
 Periodic GC: Disabled
Heap:
 garbage-first heap   total 382976K, used 258255K [0x0000000080000000, 0x0000000100000000)
  region size 1024K, 82 young (83968K), 18 survivors (18432K)
 Metaspace       used 121526K, committed 122816K, reserved 557056K
  class space    used 16785K, committed 17408K, reserved 425984K
GC Heap History (20 events):
Event: 24.756 GC heap before
{Heap before GC invocations=50 (full 0):
 garbage-first heap   total 210944K, used 161113K [0x0000000080000000, 0x0000000100000000)
  region size 1024K, 41 young (41984K), 5 survivors (5120K)
 Metaspace       used 108169K, committed 109248K, reserved 557056K
  class space    used 15076K, committed 15616K, reserved 425984K
}
Event: 24.761 GC heap after
{Heap after GC invocations=51 (full 0):
 garbage-first heap   total 210944K, used 128595K [0x0000000080000000, 0x0000000100000000)
  region size 1024K, 4 young (4096K), 4 survivors (4096K)
 Metaspace       used 108169K, committed 109248K, reserved 557056K
  class space    used 15076K, committed 15616K, reserved 425984K
}
Event: 25.067 GC heap before
{Heap before GC invocations=52 (full 0):
 garbage-first heap   total 234496K, used 175699K [0x0000000080000000, 0x0000000100000000)
  region size 1024K, 50 young (51200K), 4 survivors (4096K)
 Metaspace       used 108563K, committed 109632K, reserved 557056K
  class space    used 15102K, committed 15616K, reserved 425984K
}
Event: 25.072 GC heap after
{Heap after GC invocations=53 (full 0):
 garbage-first heap   total 234496K, used 129976K [0x0000000080000000, 0x0000000100000000)
  region size 1024K, 5 young (5120K), 5 survivors (5120K)
 Metaspace       used 108563K, committed 109632K, reserved 557056K
  class space    used 15102K, committed 15616K, reserved 425984K
}
Event: 25.101 GC heap before
{Heap before GC invocations=53 (full 0):
 garbage-first heap   total 234496K, used 136120K [0x0000000080000000, 0x0000000100000000)
  region size 1024K, 11 young (11264K), 5 survivors (5120K)
 Metaspace       used 108569K, committed 109696K, reserved 557056K
  class space    used 15102K, committed 15616K, reserved 425984K
}
Event: 25.107 GC heap after
{Heap after GC invocations=54 (full 0):
 garbage-first heap   total 234496K, used 128482K [0x0000000080000000, 0x0000000100000000)
  region size 1024K, 1 young (1024K), 1 survivors (1024K)
 Metaspace       used 108569K, committed 109696K, reserved 557056K
  class space    used 15102K, committed 15616K, reserved 425984K
}
Event: 25.684 GC heap before
{Heap before GC invocations=54 (full 0):
 garbage-first heap   total 234496K, used 198114K [0x0000000080000000, 0x0000000100000000)
  region size 1024K, 69 young (70656K), 1 survivors (1024K)
 Metaspace       used 111242K, committed 112320K, reserved 557056K
  class space    used 15429K, committed 15936K, reserved 425984K
}
Event: 25.688 GC heap after
{Heap after GC invocations=55 (full 0):
 garbage-first heap   total 234496K, used 130731K [0x0000000080000000, 0x0000000100000000)
  region size 1024K, 3 young (3072K), 3 survivors (3072K)
 Metaspace       used 111242K, committed 112320K, reserved 557056K
  class space    used 15429K, committed 15936K, reserved 425984K
}
Event: 26.445 GC heap before
{Heap before GC invocations=55 (full 0):
 garbage-first heap   total 234496K, used 198315K [0x0000000080000000, 0x0000000100000000)
  region size 1024K, 70 young (71680K), 3 survivors (3072K)
 Metaspace       used 111987K, committed 113152K, reserved 557056K
  class space    used 15501K, committed 16064K, reserved 425984K
}
Event: 26.453 GC heap after
{Heap after GC invocations=56 (full 0):
 garbage-first heap   total 234496K, used 138435K [0x0000000080000000, 0x0000000100000000)
  region size 1024K, 9 young (9216K), 9 survivors (9216K)
 Metaspace       used 111987K, committed 113152K, reserved 557056K
  class space    used 15501K, committed 16064K, reserved 425984K
}
Event: 26.659 GC heap before
{Heap before GC invocations=56 (full 0):
 garbage-first heap   total 234496K, used 194755K [0x0000000080000000, 0x0000000100000000)
  region size 1024K, 65 young (66560K), 9 survivors (9216K)
 Metaspace       used 111988K, committed 113152K, reserved 557056K
  class space    used 15502K, committed 16064K, reserved 425984K
}
Event: 26.667 GC heap after
{Heap after GC invocations=57 (full 0):
 garbage-first heap   total 234496K, used 141460K [0x0000000080000000, 0x0000000100000000)
  region size 1024K, 5 young (5120K), 5 survivors (5120K)
 Metaspace       used 111988K, committed 113152K, reserved 557056K
  class space    used 15502K, committed 16064K, reserved 425984K
}
Event: 27.131 GC heap before
{Heap before GC invocations=57 (full 0):
 garbage-first heap   total 234496K, used 199828K [0x0000000080000000, 0x0000000100000000)
  region size 1024K, 59 young (60416K), 5 survivors (5120K)
 Metaspace       used 112193K, committed 113344K, reserved 557056K
  class space    used 15536K, committed 16064K, reserved 425984K
}
Event: 27.138 GC heap after
{Heap after GC invocations=58 (full 0):
 garbage-first heap   total 382976K, used 153159K [0x0000000080000000, 0x0000000100000000)
  region size 1024K, 8 young (8192K), 8 survivors (8192K)
 Metaspace       used 112193K, committed 113344K, reserved 557056K
  class space    used 15536K, committed 16064K, reserved 425984K
}
Event: 28.365 GC heap before
{Heap before GC invocations=58 (full 0):
 garbage-first heap   total 382976K, used 314951K [0x0000000080000000, 0x0000000100000000)
  region size 1024K, 164 young (167936K), 8 survivors (8192K)
 Metaspace       used 112874K, committed 114048K, reserved 557056K
  class space    used 15636K, committed 16192K, reserved 425984K
}
Event: 28.399 GC heap after
{Heap after GC invocations=59 (full 0):
 garbage-first heap   total 382976K, used 170815K [0x0000000080000000, 0x0000000100000000)
  region size 1024K, 21 young (21504K), 21 survivors (21504K)
 Metaspace       used 112874K, committed 114048K, reserved 557056K
  class space    used 15636K, committed 16192K, reserved 425984K
}
Event: 29.210 GC heap before
{Heap before GC invocations=59 (full 0):
 garbage-first heap   total 382976K, used 307007K [0x0000000080000000, 0x0000000100000000)
  region size 1024K, 155 young (158720K), 21 survivors (21504K)
 Metaspace       used 113086K, committed 114240K, reserved 557056K
  class space    used 15654K, committed 16192K, reserved 425984K
}
Event: 29.226 GC heap after
{Heap after GC invocations=60 (full 0):
 garbage-first heap   total 382976K, used 177024K [0x0000000080000000, 0x0000000100000000)
  region size 1024K, 10 young (10240K), 10 survivors (10240K)
 Metaspace       used 113086K, committed 114240K, reserved 557056K
  class space    used 15654K, committed 16192K, reserved 425984K
}
Event: 31.329 GC heap before
{Heap before GC invocations=60 (full 0):
 garbage-first heap   total 382976K, used 315264K [0x0000000080000000, 0x0000000100000000)
  region size 1024K, 141 young (144384K), 10 survivors (10240K)
 Metaspace       used 119620K, committed 120896K, reserved 557056K
  class space    used 16544K, committed 17152K, reserved 425984K
}
Event: 31.349 GC heap after
{Heap after GC invocations=61 (full 0):
 garbage-first heap   total 382976K, used 193743K [0x0000000080000000, 0x0000000100000000)
  region size 1024K, 18 young (18432K), 18 survivors (18432K)
 Metaspace       used 119620K, committed 120896K, reserved 557056K
  class space    used 16544K, committed 17152K, reserved 425984K
}

